[10-Jun-2017 18:58:23 Asia/Shanghai] PHP Parse error:  syntax error, unexpected '}' in F:\cqp\project\wuwu\data\tpl_www\1_message_list.php on line 52
[10-Jun-2017 20:02:11 Asia/Shanghai] PHP Warning:  current() expects parameter 1 to be array, boolean given in F:\cqp\project\wuwu\data\tpl_www\1_product_list.php on line 25
[10-Jun-2017 20:07:21 Asia/Shanghai] PHP Warning:  current() expects parameter 1 to be array, boolean given in F:\cqp\project\wuwu\data\tpl_www\1_product_list.php on line 25
[10-Jun-2017 20:07:26 Asia/Shanghai] PHP Warning:  current() expects parameter 1 to be array, boolean given in F:\cqp\project\wuwu\data\tpl_www\1_product_list.php on line 25
[10-Jun-2017 20:07:36 Asia/Shanghai] PHP Warning:  current() expects parameter 1 to be array, boolean given in F:\cqp\project\wuwu\data\tpl_www\1_product_list.php on line 25
[10-Jun-2017 20:07:49 Asia/Shanghai] PHP Warning:  current() expects parameter 1 to be array, boolean given in F:\cqp\project\wuwu\data\tpl_www\1_product_list.php on line 25
[10-Jun-2017 20:08:56 Asia/Shanghai] PHP Warning:  current() expects parameter 1 to be array, boolean given in F:\cqp\project\wuwu\data\tpl_www\1_product_list.php on line 25
[10-Jun-2017 20:08:59 Asia/Shanghai] PHP Warning:  current() expects parameter 1 to be array, boolean given in F:\cqp\project\wuwu\data\tpl_www\1_product_list.php on line 25
[10-Jun-2017 20:09:06 Asia/Shanghai] PHP Warning:  current() expects parameter 1 to be array, boolean given in F:\cqp\project\wuwu\data\tpl_www\1_product_list.php on line 25
[10-Jun-2017 20:09:11 Asia/Shanghai] PHP Warning:  current() expects parameter 1 to be array, boolean given in F:\cqp\project\wuwu\data\tpl_www\1_product_list.php on line 25
[10-Jun-2017 20:09:33 Asia/Shanghai] PHP Warning:  current() expects parameter 1 to be array, boolean given in F:\cqp\project\wuwu\data\tpl_www\1_product_list.php on line 25
[10-Jun-2017 20:10:26 Asia/Shanghai] PHP Warning:  current() expects parameter 1 to be array, boolean given in F:\cqp\project\wuwu\data\tpl_www\1_product_list.php on line 25
[10-Jun-2017 20:11:18 Asia/Shanghai] PHP Warning:  current() expects parameter 1 to be array, boolean given in F:\cqp\project\wuwu\data\tpl_www\1_product_list.php on line 25
[10-Jun-2017 20:12:46 Asia/Shanghai] PHP Warning:  current() expects parameter 1 to be array, boolean given in F:\cqp\project\wuwu\data\tpl_www\1_product_list.php on line 25
[10-Jun-2017 20:13:08 Asia/Shanghai] PHP Warning:  current() expects parameter 1 to be array, boolean given in F:\cqp\project\wuwu\data\tpl_www\1_product_list.php on line 25
[10-Jun-2017 20:35:55 PRC] PHP Warning:  Cannot modify header information - headers already sent in F:\cqp\project\wuwu\framework\init.php on line 20
[10-Jun-2017 20:35:55 PRC] PHP Warning:  Cannot modify header information - headers already sent in F:\cqp\project\wuwu\framework\init.php on line 20
[10-Jun-2017 20:35:55 PRC] PHP Warning:  Cannot modify header information - headers already sent in F:\cqp\project\wuwu\framework\init.php on line 21
[10-Jun-2017 20:35:55 PRC] PHP Warning:  Cannot modify header information - headers already sent in F:\cqp\project\wuwu\framework\init.php on line 22
[10-Jun-2017 20:35:55 PRC] PHP Warning:  Cannot modify header information - headers already sent in F:\cqp\project\wuwu\framework\init.php on line 23
[10-Jun-2017 20:35:55 PRC] PHP Warning:  Cannot modify header information - headers already sent in F:\cqp\project\wuwu\framework\init.php on line 24
[10-Jun-2017 20:35:55 PRC] PHP Warning:  Cannot modify header information - headers already sent in F:\cqp\project\wuwu\framework\init.php on line 21
[10-Jun-2017 20:35:55 PRC] PHP Warning:  Cannot modify header information - headers already sent in F:\cqp\project\wuwu\framework\init.php on line 22
[10-Jun-2017 20:35:55 PRC] PHP Warning:  Cannot modify header information - headers already sent in F:\cqp\project\wuwu\framework\init.php on line 23
[10-Jun-2017 20:35:55 PRC] PHP Warning:  Cannot modify header information - headers already sent in F:\cqp\project\wuwu\framework\init.php on line 24
[10-Jun-2017 20:35:55 Asia/Shanghai] PHP Warning:  session_start(): Cannot send session cookie - headers already sent in F:\cqp\project\wuwu\framework\engine\session.php on line 36
[10-Jun-2017 20:35:55 Asia/Shanghai] PHP Warning:  session_start(): Cannot send session cookie - headers already sent in F:\cqp\project\wuwu\framework\engine\session.php on line 36
[10-Jun-2017 20:35:55 Asia/Shanghai] PHP Warning:  session_start(): Cannot send session cache limiter - headers already sent in F:\cqp\project\wuwu\framework\engine\session.php on line 36
[10-Jun-2017 20:35:55 Asia/Shanghai] PHP Warning:  Cannot modify header information - headers already sent in F:\cqp\project\wuwu\framework\init.php on line 1172
[10-Jun-2017 20:35:55 Asia/Shanghai] PHP Warning:  Cannot modify header information - headers already sent in F:\cqp\project\wuwu\framework\init.php on line 1173
[10-Jun-2017 20:35:55 Asia/Shanghai] PHP Warning:  Cannot modify header information - headers already sent in F:\cqp\project\wuwu\framework\init.php on line 1174
[10-Jun-2017 20:35:55 Asia/Shanghai] PHP Warning:  Cannot modify header information - headers already sent in F:\cqp\project\wuwu\framework\init.php on line 1175
[10-Jun-2017 20:35:55 Asia/Shanghai] PHP Warning:  session_start(): Cannot send session cache limiter - headers already sent in F:\cqp\project\wuwu\framework\engine\session.php on line 36
[10-Jun-2017 20:35:55 Asia/Shanghai] PHP Warning:  Cannot modify header information - headers already sent in F:\cqp\project\wuwu\framework\init.php on line 1172
[10-Jun-2017 20:35:55 Asia/Shanghai] PHP Warning:  Cannot modify header information - headers already sent in F:\cqp\project\wuwu\framework\init.php on line 1173
[10-Jun-2017 20:35:55 Asia/Shanghai] PHP Warning:  Cannot modify header information - headers already sent in F:\cqp\project\wuwu\framework\init.php on line 1174
[10-Jun-2017 20:35:55 Asia/Shanghai] PHP Warning:  Cannot modify header information - headers already sent in F:\cqp\project\wuwu\framework\init.php on line 1175
[10-Jun-2017 20:35:55 PRC] PHP Warning:  Cannot modify header information - headers already sent in F:\cqp\project\wuwu\framework\init.php on line 20
[10-Jun-2017 20:35:55 PRC] PHP Warning:  Cannot modify header information - headers already sent in F:\cqp\project\wuwu\framework\init.php on line 21
[10-Jun-2017 20:35:55 PRC] PHP Warning:  Cannot modify header information - headers already sent in F:\cqp\project\wuwu\framework\init.php on line 22
[10-Jun-2017 20:35:55 PRC] PHP Warning:  Cannot modify header information - headers already sent in F:\cqp\project\wuwu\framework\init.php on line 23
[10-Jun-2017 20:35:55 PRC] PHP Warning:  Cannot modify header information - headers already sent in F:\cqp\project\wuwu\framework\init.php on line 24
[10-Jun-2017 20:35:55 Asia/Shanghai] PHP Warning:  session_start(): Cannot send session cookie - headers already sent in F:\cqp\project\wuwu\framework\engine\session.php on line 36
[10-Jun-2017 20:35:55 Asia/Shanghai] PHP Warning:  session_start(): Cannot send session cache limiter - headers already sent in F:\cqp\project\wuwu\framework\engine\session.php on line 36
[10-Jun-2017 20:35:55 PRC] PHP Warning:  Cannot modify header information - headers already sent in F:\cqp\project\wuwu\framework\init.php on line 20
[10-Jun-2017 20:35:55 PRC] PHP Warning:  Cannot modify header information - headers already sent in F:\cqp\project\wuwu\framework\init.php on line 21
[10-Jun-2017 20:35:55 PRC] PHP Warning:  Cannot modify header information - headers already sent in F:\cqp\project\wuwu\framework\init.php on line 22
[10-Jun-2017 20:35:55 PRC] PHP Warning:  Cannot modify header information - headers already sent in F:\cqp\project\wuwu\framework\init.php on line 23
[10-Jun-2017 20:35:55 PRC] PHP Warning:  Cannot modify header information - headers already sent in F:\cqp\project\wuwu\framework\init.php on line 24
[10-Jun-2017 20:35:55 Asia/Shanghai] PHP Warning:  session_start(): Cannot send session cookie - headers already sent in F:\cqp\project\wuwu\framework\engine\session.php on line 36
[10-Jun-2017 20:35:55 Asia/Shanghai] PHP Warning:  Cannot modify header information - headers already sent in F:\cqp\project\wuwu\framework\init.php on line 1172
[10-Jun-2017 20:35:55 Asia/Shanghai] PHP Warning:  Cannot modify header information - headers already sent in F:\cqp\project\wuwu\framework\init.php on line 1173
[10-Jun-2017 20:35:55 Asia/Shanghai] PHP Warning:  Cannot modify header information - headers already sent in F:\cqp\project\wuwu\framework\init.php on line 1174
[10-Jun-2017 20:35:55 Asia/Shanghai] PHP Warning:  Cannot modify header information - headers already sent in F:\cqp\project\wuwu\framework\init.php on line 1175
[10-Jun-2017 20:35:55 Asia/Shanghai] PHP Warning:  session_start(): Cannot send session cache limiter - headers already sent in F:\cqp\project\wuwu\framework\engine\session.php on line 36
[10-Jun-2017 20:35:55 Asia/Shanghai] PHP Warning:  Cannot modify header information - headers already sent in F:\cqp\project\wuwu\framework\init.php on line 1172
[10-Jun-2017 20:35:55 Asia/Shanghai] PHP Warning:  Cannot modify header information - headers already sent in F:\cqp\project\wuwu\framework\init.php on line 1173
[10-Jun-2017 20:35:55 Asia/Shanghai] PHP Warning:  Cannot modify header information - headers already sent in F:\cqp\project\wuwu\framework\init.php on line 1174
[10-Jun-2017 20:35:55 Asia/Shanghai] PHP Warning:  Cannot modify header information - headers already sent in F:\cqp\project\wuwu\framework\init.php on line 1175
[10-Jun-2017 20:35:55 PRC] PHP Warning:  Cannot modify header information - headers already sent in F:\cqp\project\wuwu\framework\init.php on line 20
[10-Jun-2017 20:35:55 PRC] PHP Warning:  Cannot modify header information - headers already sent in F:\cqp\project\wuwu\framework\init.php on line 21
[10-Jun-2017 20:35:55 PRC] PHP Warning:  Cannot modify header information - headers already sent in F:\cqp\project\wuwu\framework\init.php on line 22
[10-Jun-2017 20:35:55 PRC] PHP Warning:  Cannot modify header information - headers already sent in F:\cqp\project\wuwu\framework\init.php on line 23
[10-Jun-2017 20:35:55 PRC] PHP Warning:  Cannot modify header information - headers already sent in F:\cqp\project\wuwu\framework\init.php on line 24
[10-Jun-2017 20:35:55 Asia/Shanghai] PHP Warning:  session_start(): Cannot send session cookie - headers already sent in F:\cqp\project\wuwu\framework\engine\session.php on line 36
[10-Jun-2017 20:35:55 Asia/Shanghai] PHP Warning:  session_start(): Cannot send session cache limiter - headers already sent in F:\cqp\project\wuwu\framework\engine\session.php on line 36
[10-Jun-2017 20:35:55 Asia/Shanghai] PHP Warning:  Cannot modify header information - headers already sent in F:\cqp\project\wuwu\framework\init.php on line 1172
[10-Jun-2017 20:35:55 Asia/Shanghai] PHP Warning:  Cannot modify header information - headers already sent in F:\cqp\project\wuwu\framework\init.php on line 1173
[10-Jun-2017 20:35:55 Asia/Shanghai] PHP Warning:  Cannot modify header information - headers already sent in F:\cqp\project\wuwu\framework\init.php on line 1174
[10-Jun-2017 20:35:55 Asia/Shanghai] PHP Warning:  Cannot modify header information - headers already sent in F:\cqp\project\wuwu\framework\init.php on line 1175
[10-Jun-2017 20:35:55 PRC] PHP Warning:  Cannot modify header information - headers already sent in F:\cqp\project\wuwu\framework\init.php on line 20
[10-Jun-2017 20:35:55 PRC] PHP Warning:  Cannot modify header information - headers already sent in F:\cqp\project\wuwu\framework\init.php on line 21
[10-Jun-2017 20:35:55 PRC] PHP Warning:  Cannot modify header information - headers already sent in F:\cqp\project\wuwu\framework\init.php on line 22
[10-Jun-2017 20:35:55 PRC] PHP Warning:  Cannot modify header information - headers already sent in F:\cqp\project\wuwu\framework\init.php on line 23
[10-Jun-2017 20:35:55 PRC] PHP Warning:  Cannot modify header information - headers already sent in F:\cqp\project\wuwu\framework\init.php on line 24
[10-Jun-2017 20:35:55 Asia/Shanghai] PHP Warning:  session_start(): Cannot send session cookie - headers already sent in F:\cqp\project\wuwu\framework\engine\session.php on line 36
[10-Jun-2017 20:35:55 Asia/Shanghai] PHP Warning:  session_start(): Cannot send session cache limiter - headers already sent in F:\cqp\project\wuwu\framework\engine\session.php on line 36
[10-Jun-2017 20:35:56 Asia/Shanghai] PHP Warning:  Cannot modify header information - headers already sent in F:\cqp\project\wuwu\framework\init.php on line 1172
[10-Jun-2017 20:35:56 Asia/Shanghai] PHP Warning:  Cannot modify header information - headers already sent in F:\cqp\project\wuwu\framework\init.php on line 1173
[10-Jun-2017 20:35:56 Asia/Shanghai] PHP Warning:  Cannot modify header information - headers already sent in F:\cqp\project\wuwu\framework\init.php on line 1174
[10-Jun-2017 20:35:56 Asia/Shanghai] PHP Warning:  Cannot modify header information - headers already sent in F:\cqp\project\wuwu\framework\init.php on line 1175
[10-Jun-2017 20:35:56 PRC] PHP Warning:  Cannot modify header information - headers already sent in F:\cqp\project\wuwu\framework\init.php on line 20
[10-Jun-2017 20:35:56 PRC] PHP Warning:  Cannot modify header information - headers already sent in F:\cqp\project\wuwu\framework\init.php on line 21
[10-Jun-2017 20:35:56 PRC] PHP Warning:  Cannot modify header information - headers already sent in F:\cqp\project\wuwu\framework\init.php on line 22
[10-Jun-2017 20:35:56 PRC] PHP Warning:  Cannot modify header information - headers already sent in F:\cqp\project\wuwu\framework\init.php on line 23
[10-Jun-2017 20:35:56 PRC] PHP Warning:  Cannot modify header information - headers already sent in F:\cqp\project\wuwu\framework\init.php on line 24
[10-Jun-2017 20:35:56 Asia/Shanghai] PHP Warning:  session_start(): Cannot send session cookie - headers already sent in F:\cqp\project\wuwu\framework\engine\session.php on line 36
[10-Jun-2017 20:35:56 Asia/Shanghai] PHP Warning:  session_start(): Cannot send session cache limiter - headers already sent in F:\cqp\project\wuwu\framework\engine\session.php on line 36
[10-Jun-2017 20:35:56 Asia/Shanghai] PHP Warning:  Cannot modify header information - headers already sent in F:\cqp\project\wuwu\framework\init.php on line 1172
[10-Jun-2017 20:35:56 Asia/Shanghai] PHP Warning:  Cannot modify header information - headers already sent in F:\cqp\project\wuwu\framework\init.php on line 1173
[10-Jun-2017 20:35:56 Asia/Shanghai] PHP Warning:  Cannot modify header information - headers already sent in F:\cqp\project\wuwu\framework\init.php on line 1174
[10-Jun-2017 20:35:56 Asia/Shanghai] PHP Warning:  Cannot modify header information - headers already sent in F:\cqp\project\wuwu\framework\init.php on line 1175
[10-Jun-2017 20:35:56 PRC] PHP Warning:  Cannot modify header information - headers already sent in F:\cqp\project\wuwu\framework\init.php on line 20
[10-Jun-2017 20:35:56 PRC] PHP Warning:  Cannot modify header information - headers already sent in F:\cqp\project\wuwu\framework\init.php on line 21
[10-Jun-2017 20:35:56 PRC] PHP Warning:  Cannot modify header information - headers already sent in F:\cqp\project\wuwu\framework\init.php on line 22
[10-Jun-2017 20:35:56 PRC] PHP Warning:  Cannot modify header information - headers already sent in F:\cqp\project\wuwu\framework\init.php on line 23
[10-Jun-2017 20:35:56 PRC] PHP Warning:  Cannot modify header information - headers already sent in F:\cqp\project\wuwu\framework\init.php on line 24
[10-Jun-2017 20:35:56 Asia/Shanghai] PHP Warning:  session_start(): Cannot send session cookie - headers already sent in F:\cqp\project\wuwu\framework\engine\session.php on line 36
[10-Jun-2017 20:35:56 Asia/Shanghai] PHP Warning:  session_start(): Cannot send session cache limiter - headers already sent in F:\cqp\project\wuwu\framework\engine\session.php on line 36
[10-Jun-2017 20:35:56 PRC] PHP Warning:  Cannot modify header information - headers already sent in F:\cqp\project\wuwu\framework\init.php on line 20
[10-Jun-2017 20:35:56 PRC] PHP Warning:  Cannot modify header information - headers already sent in F:\cqp\project\wuwu\framework\init.php on line 21
[10-Jun-2017 20:35:56 PRC] PHP Warning:  Cannot modify header information - headers already sent in F:\cqp\project\wuwu\framework\init.php on line 22
[10-Jun-2017 20:35:56 PRC] PHP Warning:  Cannot modify header information - headers already sent in F:\cqp\project\wuwu\framework\init.php on line 23
[10-Jun-2017 20:35:56 PRC] PHP Warning:  Cannot modify header information - headers already sent in F:\cqp\project\wuwu\framework\init.php on line 24
[10-Jun-2017 20:35:56 Asia/Shanghai] PHP Warning:  session_start(): Cannot send session cookie - headers already sent in F:\cqp\project\wuwu\framework\engine\session.php on line 36
[10-Jun-2017 20:35:56 Asia/Shanghai] PHP Warning:  Cannot modify header information - headers already sent in F:\cqp\project\wuwu\framework\init.php on line 1172
[10-Jun-2017 20:35:56 Asia/Shanghai] PHP Warning:  Cannot modify header information - headers already sent in F:\cqp\project\wuwu\framework\init.php on line 1173
[10-Jun-2017 20:35:56 Asia/Shanghai] PHP Warning:  Cannot modify header information - headers already sent in F:\cqp\project\wuwu\framework\init.php on line 1174
[10-Jun-2017 20:35:56 Asia/Shanghai] PHP Warning:  Cannot modify header information - headers already sent in F:\cqp\project\wuwu\framework\init.php on line 1175
[10-Jun-2017 20:35:56 Asia/Shanghai] PHP Warning:  session_start(): Cannot send session cache limiter - headers already sent in F:\cqp\project\wuwu\framework\engine\session.php on line 36
[10-Jun-2017 20:35:56 Asia/Shanghai] PHP Warning:  Cannot modify header information - headers already sent in F:\cqp\project\wuwu\framework\init.php on line 1172
[10-Jun-2017 20:35:56 Asia/Shanghai] PHP Warning:  Cannot modify header information - headers already sent in F:\cqp\project\wuwu\framework\init.php on line 1173
[10-Jun-2017 20:35:56 Asia/Shanghai] PHP Warning:  Cannot modify header information - headers already sent in F:\cqp\project\wuwu\framework\init.php on line 1174
[10-Jun-2017 20:35:56 Asia/Shanghai] PHP Warning:  Cannot modify header information - headers already sent in F:\cqp\project\wuwu\framework\init.php on line 1175
[10-Jun-2017 20:35:56 PRC] PHP Warning:  Cannot modify header information - headers already sent in F:\cqp\project\wuwu\framework\init.php on line 20
[10-Jun-2017 20:35:56 PRC] PHP Warning:  Cannot modify header information - headers already sent in F:\cqp\project\wuwu\framework\init.php on line 21
[10-Jun-2017 20:35:56 PRC] PHP Warning:  Cannot modify header information - headers already sent in F:\cqp\project\wuwu\framework\init.php on line 22
[10-Jun-2017 20:35:56 PRC] PHP Warning:  Cannot modify header information - headers already sent in F:\cqp\project\wuwu\framework\init.php on line 23
[10-Jun-2017 20:35:56 PRC] PHP Warning:  Cannot modify header information - headers already sent in F:\cqp\project\wuwu\framework\init.php on line 24
[10-Jun-2017 20:35:56 Asia/Shanghai] PHP Warning:  session_start(): Cannot send session cookie - headers already sent in F:\cqp\project\wuwu\framework\engine\session.php on line 36
[10-Jun-2017 20:35:56 Asia/Shanghai] PHP Warning:  session_start(): Cannot send session cache limiter - headers already sent in F:\cqp\project\wuwu\framework\engine\session.php on line 36
[10-Jun-2017 20:35:56 Asia/Shanghai] PHP Warning:  Cannot modify header information - headers already sent in F:\cqp\project\wuwu\framework\init.php on line 1172
[10-Jun-2017 20:35:56 Asia/Shanghai] PHP Warning:  Cannot modify header information - headers already sent in F:\cqp\project\wuwu\framework\init.php on line 1173
[10-Jun-2017 20:35:56 Asia/Shanghai] PHP Warning:  Cannot modify header information - headers already sent in F:\cqp\project\wuwu\framework\init.php on line 1174
[10-Jun-2017 20:35:56 Asia/Shanghai] PHP Warning:  Cannot modify header information - headers already sent in F:\cqp\project\wuwu\framework\init.php on line 1175
[10-Jun-2017 20:35:56 PRC] PHP Warning:  Cannot modify header information - headers already sent in F:\cqp\project\wuwu\framework\init.php on line 20
[10-Jun-2017 20:35:56 PRC] PHP Warning:  Cannot modify header information - headers already sent in F:\cqp\project\wuwu\framework\init.php on line 21
[10-Jun-2017 20:35:56 PRC] PHP Warning:  Cannot modify header information - headers already sent in F:\cqp\project\wuwu\framework\init.php on line 22
[10-Jun-2017 20:35:56 PRC] PHP Warning:  Cannot modify header information - headers already sent in F:\cqp\project\wuwu\framework\init.php on line 23
[10-Jun-2017 20:35:56 PRC] PHP Warning:  Cannot modify header information - headers already sent in F:\cqp\project\wuwu\framework\init.php on line 24
[10-Jun-2017 20:35:56 Asia/Shanghai] PHP Warning:  session_start(): Cannot send session cookie - headers already sent in F:\cqp\project\wuwu\framework\engine\session.php on line 36
[10-Jun-2017 20:35:56 Asia/Shanghai] PHP Warning:  session_start(): Cannot send session cache limiter - headers already sent in F:\cqp\project\wuwu\framework\engine\session.php on line 36
[10-Jun-2017 20:35:56 PRC] PHP Warning:  Cannot modify header information - headers already sent in F:\cqp\project\wuwu\framework\init.php on line 20
[10-Jun-2017 20:35:56 PRC] PHP Warning:  Cannot modify header information - headers already sent in F:\cqp\project\wuwu\framework\init.php on line 21
[10-Jun-2017 20:35:56 PRC] PHP Warning:  Cannot modify header information - headers already sent in F:\cqp\project\wuwu\framework\init.php on line 22
[10-Jun-2017 20:35:56 PRC] PHP Warning:  Cannot modify header information - headers already sent in F:\cqp\project\wuwu\framework\init.php on line 23
[10-Jun-2017 20:35:56 PRC] PHP Warning:  Cannot modify header information - headers already sent in F:\cqp\project\wuwu\framework\init.php on line 24
[10-Jun-2017 20:35:56 Asia/Shanghai] PHP Warning:  session_start(): Cannot send session cookie - headers already sent in F:\cqp\project\wuwu\framework\engine\session.php on line 36
[10-Jun-2017 20:35:56 Asia/Shanghai] PHP Warning:  Cannot modify header information - headers already sent in F:\cqp\project\wuwu\framework\init.php on line 1172
[10-Jun-2017 20:35:56 Asia/Shanghai] PHP Warning:  Cannot modify header information - headers already sent in F:\cqp\project\wuwu\framework\init.php on line 1173
[10-Jun-2017 20:35:56 Asia/Shanghai] PHP Warning:  Cannot modify header information - headers already sent in F:\cqp\project\wuwu\framework\init.php on line 1174
[10-Jun-2017 20:35:56 Asia/Shanghai] PHP Warning:  Cannot modify header information - headers already sent in F:\cqp\project\wuwu\framework\init.php on line 1175
[10-Jun-2017 20:35:56 Asia/Shanghai] PHP Warning:  session_start(): Cannot send session cache limiter - headers already sent in F:\cqp\project\wuwu\framework\engine\session.php on line 36
[10-Jun-2017 20:35:56 Asia/Shanghai] PHP Warning:  Cannot modify header information - headers already sent in F:\cqp\project\wuwu\framework\init.php on line 1172
[10-Jun-2017 20:35:56 Asia/Shanghai] PHP Warning:  Cannot modify header information - headers already sent in F:\cqp\project\wuwu\framework\init.php on line 1173
[10-Jun-2017 20:35:56 Asia/Shanghai] PHP Warning:  Cannot modify header information - headers already sent in F:\cqp\project\wuwu\framework\init.php on line 1174
[10-Jun-2017 20:35:56 Asia/Shanghai] PHP Warning:  Cannot modify header information - headers already sent in F:\cqp\project\wuwu\framework\init.php on line 1175
[10-Jun-2017 20:35:56 PRC] PHP Warning:  Cannot modify header information - headers already sent in F:\cqp\project\wuwu\framework\init.php on line 20
[10-Jun-2017 20:35:56 PRC] PHP Warning:  Cannot modify header information - headers already sent in F:\cqp\project\wuwu\framework\init.php on line 21
[10-Jun-2017 20:35:56 PRC] PHP Warning:  Cannot modify header information - headers already sent in F:\cqp\project\wuwu\framework\init.php on line 22
[10-Jun-2017 20:35:56 PRC] PHP Warning:  Cannot modify header information - headers already sent in F:\cqp\project\wuwu\framework\init.php on line 23
[10-Jun-2017 20:35:56 PRC] PHP Warning:  Cannot modify header information - headers already sent in F:\cqp\project\wuwu\framework\init.php on line 24
[10-Jun-2017 20:35:56 Asia/Shanghai] PHP Warning:  session_start(): Cannot send session cookie - headers already sent in F:\cqp\project\wuwu\framework\engine\session.php on line 36
[10-Jun-2017 20:35:56 Asia/Shanghai] PHP Warning:  session_start(): Cannot send session cache limiter - headers already sent in F:\cqp\project\wuwu\framework\engine\session.php on line 36
[10-Jun-2017 20:35:56 PRC] PHP Warning:  Cannot modify header information - headers already sent in F:\cqp\project\wuwu\framework\init.php on line 20
[10-Jun-2017 20:35:56 PRC] PHP Warning:  Cannot modify header information - headers already sent in F:\cqp\project\wuwu\framework\init.php on line 21
[10-Jun-2017 20:35:56 PRC] PHP Warning:  Cannot modify header information - headers already sent in F:\cqp\project\wuwu\framework\init.php on line 22
[10-Jun-2017 20:35:56 PRC] PHP Warning:  Cannot modify header information - headers already sent in F:\cqp\project\wuwu\framework\init.php on line 23
[10-Jun-2017 20:35:56 PRC] PHP Warning:  Cannot modify header information - headers already sent in F:\cqp\project\wuwu\framework\init.php on line 24
[10-Jun-2017 20:35:56 Asia/Shanghai] PHP Warning:  session_start(): Cannot send session cookie - headers already sent in F:\cqp\project\wuwu\framework\engine\session.php on line 36
[10-Jun-2017 20:35:56 Asia/Shanghai] PHP Warning:  Cannot modify header information - headers already sent in F:\cqp\project\wuwu\framework\init.php on line 1172
[10-Jun-2017 20:35:56 Asia/Shanghai] PHP Warning:  Cannot modify header information - headers already sent in F:\cqp\project\wuwu\framework\init.php on line 1173
[10-Jun-2017 20:35:56 Asia/Shanghai] PHP Warning:  Cannot modify header information - headers already sent in F:\cqp\project\wuwu\framework\init.php on line 1174
[10-Jun-2017 20:35:56 Asia/Shanghai] PHP Warning:  Cannot modify header information - headers already sent in F:\cqp\project\wuwu\framework\init.php on line 1175
[10-Jun-2017 20:35:56 Asia/Shanghai] PHP Warning:  session_start(): Cannot send session cache limiter - headers already sent in F:\cqp\project\wuwu\framework\engine\session.php on line 36
[10-Jun-2017 20:35:56 Asia/Shanghai] PHP Warning:  Cannot modify header information - headers already sent in F:\cqp\project\wuwu\framework\init.php on line 1172
[10-Jun-2017 20:35:56 Asia/Shanghai] PHP Warning:  Cannot modify header information - headers already sent in F:\cqp\project\wuwu\framework\init.php on line 1173
[10-Jun-2017 20:35:56 Asia/Shanghai] PHP Warning:  Cannot modify header information - headers already sent in F:\cqp\project\wuwu\framework\init.php on line 1174
[10-Jun-2017 20:35:56 Asia/Shanghai] PHP Warning:  Cannot modify header information - headers already sent in F:\cqp\project\wuwu\framework\init.php on line 1175
[10-Jun-2017 20:35:56 PRC] PHP Warning:  Cannot modify header information - headers already sent in F:\cqp\project\wuwu\framework\init.php on line 20
[10-Jun-2017 20:35:56 PRC] PHP Warning:  Cannot modify header information - headers already sent in F:\cqp\project\wuwu\framework\init.php on line 21
[10-Jun-2017 20:35:56 PRC] PHP Warning:  Cannot modify header information - headers already sent in F:\cqp\project\wuwu\framework\init.php on line 22
[10-Jun-2017 20:35:56 PRC] PHP Warning:  Cannot modify header information - headers already sent in F:\cqp\project\wuwu\framework\init.php on line 23
[10-Jun-2017 20:35:56 PRC] PHP Warning:  Cannot modify header information - headers already sent in F:\cqp\project\wuwu\framework\init.php on line 24
[10-Jun-2017 20:35:56 Asia/Shanghai] PHP Warning:  session_start(): Cannot send session cookie - headers already sent in F:\cqp\project\wuwu\framework\engine\session.php on line 36
[10-Jun-2017 20:35:56 Asia/Shanghai] PHP Warning:  session_start(): Cannot send session cache limiter - headers already sent in F:\cqp\project\wuwu\framework\engine\session.php on line 36
[10-Jun-2017 20:35:56 PRC] PHP Warning:  Cannot modify header information - headers already sent in F:\cqp\project\wuwu\framework\init.php on line 20
[10-Jun-2017 20:35:56 PRC] PHP Warning:  Cannot modify header information - headers already sent in F:\cqp\project\wuwu\framework\init.php on line 21
[10-Jun-2017 20:35:56 PRC] PHP Warning:  Cannot modify header information - headers already sent in F:\cqp\project\wuwu\framework\init.php on line 22
[10-Jun-2017 20:35:56 PRC] PHP Warning:  Cannot modify header information - headers already sent in F:\cqp\project\wuwu\framework\init.php on line 23
[10-Jun-2017 20:35:56 PRC] PHP Warning:  Cannot modify header information - headers already sent in F:\cqp\project\wuwu\framework\init.php on line 24
[10-Jun-2017 20:35:56 Asia/Shanghai] PHP Warning:  session_start(): Cannot send session cookie - headers already sent in F:\cqp\project\wuwu\framework\engine\session.php on line 36
[10-Jun-2017 20:35:56 Asia/Shanghai] PHP Warning:  Cannot modify header information - headers already sent in F:\cqp\project\wuwu\framework\init.php on line 1172
[10-Jun-2017 20:35:56 Asia/Shanghai] PHP Warning:  Cannot modify header information - headers already sent in F:\cqp\project\wuwu\framework\init.php on line 1173
[10-Jun-2017 20:35:56 Asia/Shanghai] PHP Warning:  Cannot modify header information - headers already sent in F:\cqp\project\wuwu\framework\init.php on line 1174
[10-Jun-2017 20:35:56 Asia/Shanghai] PHP Warning:  Cannot modify header information - headers already sent in F:\cqp\project\wuwu\framework\init.php on line 1175
[10-Jun-2017 20:35:56 Asia/Shanghai] PHP Warning:  session_start(): Cannot send session cache limiter - headers already sent in F:\cqp\project\wuwu\framework\engine\session.php on line 36
[10-Jun-2017 20:35:56 Asia/Shanghai] PHP Warning:  Cannot modify header information - headers already sent in F:\cqp\project\wuwu\framework\init.php on line 1172
[10-Jun-2017 20:35:56 Asia/Shanghai] PHP Warning:  Cannot modify header information - headers already sent in F:\cqp\project\wuwu\framework\init.php on line 1173
[10-Jun-2017 20:35:56 Asia/Shanghai] PHP Warning:  Cannot modify header information - headers already sent in F:\cqp\project\wuwu\framework\init.php on line 1174
[10-Jun-2017 20:35:56 Asia/Shanghai] PHP Warning:  Cannot modify header information - headers already sent in F:\cqp\project\wuwu\framework\init.php on line 1175
[10-Jun-2017 20:35:56 PRC] PHP Warning:  Cannot modify header information - headers already sent in F:\cqp\project\wuwu\framework\init.php on line 20
[10-Jun-2017 20:35:56 PRC] PHP Warning:  Cannot modify header information - headers already sent in F:\cqp\project\wuwu\framework\init.php on line 21
[10-Jun-2017 20:35:56 PRC] PHP Warning:  Cannot modify header information - headers already sent in F:\cqp\project\wuwu\framework\init.php on line 22
[10-Jun-2017 20:35:56 PRC] PHP Warning:  Cannot modify header information - headers already sent in F:\cqp\project\wuwu\framework\init.php on line 23
[10-Jun-2017 20:35:56 PRC] PHP Warning:  Cannot modify header information - headers already sent in F:\cqp\project\wuwu\framework\init.php on line 24
[10-Jun-2017 20:35:56 Asia/Shanghai] PHP Warning:  session_start(): Cannot send session cookie - headers already sent in F:\cqp\project\wuwu\framework\engine\session.php on line 36
[10-Jun-2017 20:35:56 Asia/Shanghai] PHP Warning:  session_start(): Cannot send session cache limiter - headers already sent in F:\cqp\project\wuwu\framework\engine\session.php on line 36
[10-Jun-2017 20:35:56 Asia/Shanghai] PHP Warning:  Cannot modify header information - headers already sent in F:\cqp\project\wuwu\framework\init.php on line 1172
[10-Jun-2017 20:35:56 Asia/Shanghai] PHP Warning:  Cannot modify header information - headers already sent in F:\cqp\project\wuwu\framework\init.php on line 1173
[10-Jun-2017 20:35:56 Asia/Shanghai] PHP Warning:  Cannot modify header information - headers already sent in F:\cqp\project\wuwu\framework\init.php on line 1174
[10-Jun-2017 20:35:56 Asia/Shanghai] PHP Warning:  Cannot modify header information - headers already sent in F:\cqp\project\wuwu\framework\init.php on line 1175
[10-Jun-2017 20:35:56 PRC] PHP Warning:  Cannot modify header information - headers already sent in F:\cqp\project\wuwu\framework\init.php on line 20
[10-Jun-2017 20:35:56 PRC] PHP Warning:  Cannot modify header information - headers already sent in F:\cqp\project\wuwu\framework\init.php on line 21
[10-Jun-2017 20:35:56 PRC] PHP Warning:  Cannot modify header information - headers already sent in F:\cqp\project\wuwu\framework\init.php on line 22
[10-Jun-2017 20:35:56 PRC] PHP Warning:  Cannot modify header information - headers already sent in F:\cqp\project\wuwu\framework\init.php on line 23
[10-Jun-2017 20:35:56 PRC] PHP Warning:  Cannot modify header information - headers already sent in F:\cqp\project\wuwu\framework\init.php on line 24
[10-Jun-2017 20:35:56 Asia/Shanghai] PHP Warning:  session_start(): Cannot send session cookie - headers already sent in F:\cqp\project\wuwu\framework\engine\session.php on line 36
[10-Jun-2017 20:35:56 Asia/Shanghai] PHP Warning:  session_start(): Cannot send session cache limiter - headers already sent in F:\cqp\project\wuwu\framework\engine\session.php on line 36
[10-Jun-2017 20:35:56 PRC] PHP Warning:  Cannot modify header information - headers already sent in F:\cqp\project\wuwu\framework\init.php on line 20
[10-Jun-2017 20:35:56 PRC] PHP Warning:  Cannot modify header information - headers already sent in F:\cqp\project\wuwu\framework\init.php on line 21
[10-Jun-2017 20:35:56 PRC] PHP Warning:  Cannot modify header information - headers already sent in F:\cqp\project\wuwu\framework\init.php on line 22
[10-Jun-2017 20:35:56 PRC] PHP Warning:  Cannot modify header information - headers already sent in F:\cqp\project\wuwu\framework\init.php on line 23
[10-Jun-2017 20:35:56 PRC] PHP Warning:  Cannot modify header information - headers already sent in F:\cqp\project\wuwu\framework\init.php on line 24
[10-Jun-2017 20:35:56 Asia/Shanghai] PHP Warning:  session_start(): Cannot send session cookie - headers already sent in F:\cqp\project\wuwu\framework\engine\session.php on line 36
[10-Jun-2017 20:35:56 Asia/Shanghai] PHP Warning:  Cannot modify header information - headers already sent in F:\cqp\project\wuwu\framework\init.php on line 1172
[10-Jun-2017 20:35:56 Asia/Shanghai] PHP Warning:  Cannot modify header information - headers already sent in F:\cqp\project\wuwu\framework\init.php on line 1173
[10-Jun-2017 20:35:56 Asia/Shanghai] PHP Warning:  Cannot modify header information - headers already sent in F:\cqp\project\wuwu\framework\init.php on line 1174
[10-Jun-2017 20:35:56 Asia/Shanghai] PHP Warning:  Cannot modify header information - headers already sent in F:\cqp\project\wuwu\framework\init.php on line 1175
[10-Jun-2017 20:35:56 Asia/Shanghai] PHP Warning:  session_start(): Cannot send session cache limiter - headers already sent in F:\cqp\project\wuwu\framework\engine\session.php on line 36
[10-Jun-2017 20:35:56 Asia/Shanghai] PHP Warning:  Cannot modify header information - headers already sent in F:\cqp\project\wuwu\framework\init.php on line 1172
[10-Jun-2017 20:35:56 Asia/Shanghai] PHP Warning:  Cannot modify header information - headers already sent in F:\cqp\project\wuwu\framework\init.php on line 1173
[10-Jun-2017 20:35:56 Asia/Shanghai] PHP Warning:  Cannot modify header information - headers already sent in F:\cqp\project\wuwu\framework\init.php on line 1174
[10-Jun-2017 20:35:56 Asia/Shanghai] PHP Warning:  Cannot modify header information - headers already sent in F:\cqp\project\wuwu\framework\init.php on line 1175
[10-Jun-2017 20:35:56 PRC] PHP Warning:  Cannot modify header information - headers already sent in F:\cqp\project\wuwu\framework\init.php on line 20
[10-Jun-2017 20:35:56 PRC] PHP Warning:  Cannot modify header information - headers already sent in F:\cqp\project\wuwu\framework\init.php on line 21
[10-Jun-2017 20:35:56 PRC] PHP Warning:  Cannot modify header information - headers already sent in F:\cqp\project\wuwu\framework\init.php on line 22
[10-Jun-2017 20:35:56 PRC] PHP Warning:  Cannot modify header information - headers already sent in F:\cqp\project\wuwu\framework\init.php on line 23
[10-Jun-2017 20:35:56 PRC] PHP Warning:  Cannot modify header information - headers already sent in F:\cqp\project\wuwu\framework\init.php on line 24
[10-Jun-2017 20:35:56 Asia/Shanghai] PHP Warning:  session_start(): Cannot send session cookie - headers already sent in F:\cqp\project\wuwu\framework\engine\session.php on line 36
[10-Jun-2017 20:35:56 Asia/Shanghai] PHP Warning:  session_start(): Cannot send session cache limiter - headers already sent in F:\cqp\project\wuwu\framework\engine\session.php on line 36
[10-Jun-2017 20:35:56 Asia/Shanghai] PHP Warning:  Cannot modify header information - headers already sent in F:\cqp\project\wuwu\framework\init.php on line 1172
[10-Jun-2017 20:35:56 Asia/Shanghai] PHP Warning:  Cannot modify header information - headers already sent in F:\cqp\project\wuwu\framework\init.php on line 1173
[10-Jun-2017 20:35:56 Asia/Shanghai] PHP Warning:  Cannot modify header information - headers already sent in F:\cqp\project\wuwu\framework\init.php on line 1174
[10-Jun-2017 20:35:56 Asia/Shanghai] PHP Warning:  Cannot modify header information - headers already sent in F:\cqp\project\wuwu\framework\init.php on line 1175
[10-Jun-2017 20:35:56 PRC] PHP Warning:  Cannot modify header information - headers already sent in F:\cqp\project\wuwu\framework\init.php on line 20
[10-Jun-2017 20:35:56 PRC] PHP Warning:  Cannot modify header information - headers already sent in F:\cqp\project\wuwu\framework\init.php on line 21
[10-Jun-2017 20:35:56 PRC] PHP Warning:  Cannot modify header information - headers already sent in F:\cqp\project\wuwu\framework\init.php on line 22
[10-Jun-2017 20:35:56 PRC] PHP Warning:  Cannot modify header information - headers already sent in F:\cqp\project\wuwu\framework\init.php on line 23
[10-Jun-2017 20:35:56 PRC] PHP Warning:  Cannot modify header information - headers already sent in F:\cqp\project\wuwu\framework\init.php on line 24
[10-Jun-2017 20:35:56 Asia/Shanghai] PHP Warning:  session_start(): Cannot send session cookie - headers already sent in F:\cqp\project\wuwu\framework\engine\session.php on line 36
[10-Jun-2017 20:35:56 Asia/Shanghai] PHP Warning:  session_start(): Cannot send session cache limiter - headers already sent in F:\cqp\project\wuwu\framework\engine\session.php on line 36
[10-Jun-2017 20:35:56 Asia/Shanghai] PHP Warning:  Cannot modify header information - headers already sent in F:\cqp\project\wuwu\framework\init.php on line 1172
[10-Jun-2017 20:35:56 Asia/Shanghai] PHP Warning:  Cannot modify header information - headers already sent in F:\cqp\project\wuwu\framework\init.php on line 1173
[10-Jun-2017 20:35:56 Asia/Shanghai] PHP Warning:  Cannot modify header information - headers already sent in F:\cqp\project\wuwu\framework\init.php on line 1174
[10-Jun-2017 20:35:56 Asia/Shanghai] PHP Warning:  Cannot modify header information - headers already sent in F:\cqp\project\wuwu\framework\init.php on line 1175
[10-Jun-2017 20:35:56 PRC] PHP Warning:  Cannot modify header information - headers already sent in F:\cqp\project\wuwu\framework\init.php on line 20
[10-Jun-2017 20:35:56 PRC] PHP Warning:  Cannot modify header information - headers already sent in F:\cqp\project\wuwu\framework\init.php on line 21
[10-Jun-2017 20:35:56 PRC] PHP Warning:  Cannot modify header information - headers already sent in F:\cqp\project\wuwu\framework\init.php on line 22
[10-Jun-2017 20:35:56 PRC] PHP Warning:  Cannot modify header information - headers already sent in F:\cqp\project\wuwu\framework\init.php on line 23
[10-Jun-2017 20:35:56 PRC] PHP Warning:  Cannot modify header information - headers already sent in F:\cqp\project\wuwu\framework\init.php on line 24
[10-Jun-2017 20:35:56 Asia/Shanghai] PHP Warning:  session_start(): Cannot send session cookie - headers already sent in F:\cqp\project\wuwu\framework\engine\session.php on line 36
[10-Jun-2017 20:35:56 Asia/Shanghai] PHP Warning:  session_start(): Cannot send session cache limiter - headers already sent in F:\cqp\project\wuwu\framework\engine\session.php on line 36
[10-Jun-2017 20:35:59 PRC] PHP Warning:  Cannot modify header information - headers already sent in F:\cqp\project\wuwu\framework\init.php on line 20
[10-Jun-2017 20:35:59 PRC] PHP Warning:  Cannot modify header information - headers already sent in F:\cqp\project\wuwu\framework\init.php on line 21
[10-Jun-2017 20:35:59 PRC] PHP Warning:  Cannot modify header information - headers already sent in F:\cqp\project\wuwu\framework\init.php on line 22
[10-Jun-2017 20:35:59 PRC] PHP Warning:  Cannot modify header information - headers already sent in F:\cqp\project\wuwu\framework\init.php on line 23
[10-Jun-2017 20:35:59 PRC] PHP Warning:  Cannot modify header information - headers already sent in F:\cqp\project\wuwu\framework\init.php on line 24
[10-Jun-2017 20:35:59 Asia/Shanghai] PHP Warning:  session_start(): Cannot send session cookie - headers already sent in F:\cqp\project\wuwu\framework\engine\session.php on line 36
[10-Jun-2017 20:36:02 Asia/Shanghai] PHP Warning:  Cannot modify header information - headers already sent in F:\cqp\project\wuwu\framework\init.php on line 1172
[10-Jun-2017 20:36:02 Asia/Shanghai] PHP Warning:  Cannot modify header information - headers already sent in F:\cqp\project\wuwu\framework\init.php on line 1173
[10-Jun-2017 20:36:02 Asia/Shanghai] PHP Warning:  Cannot modify header information - headers already sent in F:\cqp\project\wuwu\framework\init.php on line 1174
[10-Jun-2017 20:36:02 Asia/Shanghai] PHP Warning:  Cannot modify header information - headers already sent in F:\cqp\project\wuwu\framework\init.php on line 1175
[10-Jun-2017 20:36:02 Asia/Shanghai] PHP Warning:  session_start(): Cannot send session cache limiter - headers already sent in F:\cqp\project\wuwu\framework\engine\session.php on line 36
[10-Jun-2017 20:36:05 Asia/Shanghai] PHP Warning:  Cannot modify header information - headers already sent in F:\cqp\project\wuwu\framework\init.php on line 1172
[10-Jun-2017 20:36:05 Asia/Shanghai] PHP Warning:  Cannot modify header information - headers already sent in F:\cqp\project\wuwu\framework\init.php on line 1173
[10-Jun-2017 20:36:05 Asia/Shanghai] PHP Warning:  Cannot modify header information - headers already sent in F:\cqp\project\wuwu\framework\init.php on line 1174
[10-Jun-2017 20:36:05 Asia/Shanghai] PHP Warning:  Cannot modify header information - headers already sent in F:\cqp\project\wuwu\framework\init.php on line 1175
